<?xml version="1.0" encoding="UTF-8"?>
<coverage generated="1746966790035" clover="3.2.0">
  <project timestamp="1746966790035" name="All files">
    <metrics statements="16" coveredstatements="14" conditionals="5" coveredconditionals="4" methods="4" coveredmethods="4" elements="25" coveredelements="22" complexity="0" loc="16" ncloc="16" packages="1" files="1" classes="1"/>
    <file name="Nihil.ts" path="/home/alto64/workspace/github.com/MateuszSzczukiewicz/Nihil.js/src/core/Nihil.ts">
      <metrics statements="16" coveredstatements="14" conditionals="5" coveredconditionals="4" methods="4" coveredmethods="4"/>
      <line num="1" count="1" type="stmt"/>
      <line num="5" count="7" type="cond" truecount="2" falsecount="0"/>
      <line num="6" count="1" type="stmt"/>
      <line num="7" count="1" type="cond" truecount="1" falsecount="0"/>
      <line num="8" count="1" type="stmt"/>
      <line num="12" count="0" type="stmt"/>
      <line num="14" count="6" type="stmt"/>
      <line num="17" count="6" type="stmt"/>
      <line num="21" count="1" type="stmt"/>
      <line num="22" count="1" type="stmt"/>
      <line num="26" count="3" type="stmt"/>
      <line num="30" count="3" type="stmt"/>
      <line num="32" count="3" type="cond" truecount="0" falsecount="1"/>
      <line num="33" count="0" type="stmt"/>
      <line num="36" count="3" type="stmt"/>
      <line num="37" count="2" type="stmt"/>
    </file>
  </project>
</coverage>
